<?xml version="1.0" encoding="UTF-8"?>
<Site BuildName="(empty)"
	BuildStamp="20210213-1009-Experimental"
	Name="(empty)"
	Generator="ctest-3.18.0"
	CompilerName=""
	CompilerVersion=""
	OSName="Linux"
	Hostname="durandoliv"
	OSRelease="5.4.0-65-generic"
	OSVersion="#73~18.04.1-Ubuntu SMP Tue Jan 19 09:02:24 UTC 2021"
	OSPlatform="x86_64"
	Is64Bits="1"
	VendorString="GenuineIntel"
	VendorID="Intel Corporation"
	FamilyID="6"
	ModelID="142"
	ProcessorCacheSize="6144"
	NumberOfLogicalCPU="8"
	NumberOfPhysicalCPU="4"
	TotalVirtualMemory="8171"
	TotalPhysicalMemory="7592"
	LogicalProcessorsPerPhysical="2"
	ProcessorClockFrequency="2400"
	>
	<Testing>
		<StartDateTime>Feb 13 11:09 CET</StartDateTime>
		<StartTestTime>1613210954</StartTestTime>
		<TestList>
			<Test>./Tester</Test>
		</TestList>
		<Test Status="failed">
			<Name>Tester</Name>
			<Path>.</Path>
			<FullName>./Tester</FullName>
			<FullCommandLine>/home/eisti/Documents/ING2CPP/AdventOfCode2020/build/tester</FullCommandLine>
			<Results>
				<NamedMeasurement type="text/string" name="Exit Code">
					<Value>Failed</Value>
				</NamedMeasurement>
				<NamedMeasurement type="text/string" name="Exit Value">
					<Value>2</Value>
				</NamedMeasurement>
				<NamedMeasurement type="numeric/double" name="Execution Time">
					<Value>0.00258886</Value>
				</NamedMeasurement>
				<NamedMeasurement type="numeric/double" name="Processors">
					<Value>1</Value>
				</NamedMeasurement>
				<NamedMeasurement type="text/string" name="Completion Status">
					<Value>Completed</Value>
				</NamedMeasurement>
				<NamedMeasurement type="text/string" name="Command Line">
					<Value>/home/eisti/Documents/ING2CPP/AdventOfCode2020/build/tester</Value>
				</NamedMeasurement>
				<NamedMeasurement type="text/string" name="Environment">
					<Value>#CTEST_RESOURCE_GROUP_COUNT=</Value>
				</NamedMeasurement>
				<Measurement>
					<Value encoding="base64" compression="gzip">eJzTz8jPTdVPzSwuydR3yU8uzU3NKynW9/RzN3IOCNB3TCkD8v3TnPNTUo0MjAz0k0ozc1L0S1KLS1KLrBQMrRT0KdEfXJlXklihkFpUlA/klecXpSiU5qVWFKQml6SmKGhAWJl56QpKmkqaXADUbTqv====</Value>
				</Measurement>
			</Results>
		</Test>
		<EndDateTime>Feb 13 11:09 CET</EndDateTime>
		<EndTestTime>1613210954</EndTestTime>
		<ElapsedMinutes>0</ElapsedMinutes>
	</Testing>
</Site>
